------------------- CONSTANTS:
Constant: 0 "*** Welcome to lightning test suite Zzz :) ***"
Constant: 1 "Unknown"
Constant: 2 "Windows"
Constant: 3 "contains"
Constant: 4 "Unix"
Constant: 5 "create"
Constant: 6 "No inline intrinsic support!"
Constant: 7 "-- Starting tests --"
Constant: 8 "now"
Constant: 9 "assert.ltn"
Constant: 10 "assert_counter.ltn"
Constant: 11 "assert"
Constant: 12 "assert_not"
Constant: 13 "get_error_counter"
Constant: 14 "reset_error_counter"
Constant: 15 0
Constant: 16 "tests/assert.ltn"
Constant: 17 "tests/numbers.ltn"
Constant: 18 "tests/strings.ltn"
Constant: 19 "tests/pmap.ltn"
Constant: 20 "tests/rmap.ltn"
Constant: 21 "tests/map.ltn"
Constant: 22 "tests/reduce.ltn"
Constant: 23 "tests/table.ltn"
Constant: 24 "tests/scoping.ltn"
Constant: 25 "tests/up_value.ltn"
Constant: 26 "tests/closures.ltn"
Constant: 27 "tests/lambdas.ltn"
Constant: 28 "tests/boolean.ltn"
Constant: 29 "tests/iterators.ltn"
Constant: 30 "tests/methods.ltn"
Constant: 31 "tests/compound_calls.ltn"
Constant: 32 "tests/transient.ltn"
Constant: 33 "tests/math.ltn"
Constant: 34 "tests/eval.ltn"
Constant: 35 "tests/maybe.ltn"
Constant: 36 "tests/assign_op.ltn"
Constant: 37 "tests/lock.ltn"
Constant: 38 "tests/vm_management.ltn"
Constant: 39 "tests/inline_intrinsics.ltn"
Constant: 40 "tests/nuples.ltn"
Constant: 41 "tests/super_table.ltn"
Constant: 42 "tests/char.ltn"
Constant: 43 "tests/integers.ltn"
Constant: 44 "tests/anonymous_call.ltn"
Constant: 45 "tests/try.ltn"
Constant: 46 1
Constant: 47 fun lambda0:main  (1)
OPEN_ENV
RETURN_SET 4
DECLARE_VARIABLE
LOAD_VARIABLE 0 0
RETURN
CLOSE_FUNCTION

Constant: 48 "trim"
Constant: 49 "No errors found! :)"
Constant: 50 ":( "
Constant: 51 " errors found!"
Constant: 52 "-- Finished tests! --"
Constant: 53 "Elapsed time: "
Constant: 54 "elapsed"
Constant: 55 " ms"
Constant: 56 "Loaded modules: "
Constant: 57 "modules"

------------------- CHUNK:
0: LOAD_CONSTANT 0 on line:  1
1: LOAD_GLOBAL 3 on line:  1
2: CALL on line:  1
3: POP on line:  1
4: LOAD_GLOBAL 19 on line:  3
5: CALL on line:  3
6: DECLARE_GLOBAL on line:  3
7: LOAD_CONSTANT 1 on line:  4
8: DECLARE_GLOBAL on line:  4
9: LOAD_CONSTANT 2 on line:  5
10: LOAD_GLOBAL 30 on line:  5
11: DUP on line:  5
12: PUSH_STASH on line:  5
13: TABLE_GET 0 on line:  5
14: POP_STASH on line:  5
15: LOAD_CONSTANT 3 on line:  5
16: TABLE_GET 1 on line:  5
17: CALL on line:  5
18: JUMP_IF_NOT_TRUE 5 on line:  5
19: LOAD_CONSTANT 2 on line:  6
20: ASSIGN_GLOBAL 31 0 on line:  6
21: POP on line:  6
22: JUMP 15 on line:  5
23: LOAD_CONSTANT 4 on line:  7
24: LOAD_GLOBAL 30 on line:  7
25: DUP on line:  7
26: PUSH_STASH on line:  7
27: TABLE_GET 0 on line:  7
28: POP_STASH on line:  7
29: LOAD_CONSTANT 3 on line:  7
30: TABLE_GET 1 on line:  7
31: CALL on line:  7
32: JUMP_IF_NOT_TRUE 5 on line:  7
33: LOAD_CONSTANT 4 on line:  8
34: ASSIGN_GLOBAL 31 0 on line:  8
35: POP on line:  8
36: JUMP 1 on line:  7
37: LOAD_GLOBAL 19 on line:  10
38: CALL on line:  10
39: LOAD_GLOBAL 3 on line:  10
40: CALL on line:  10
41: POP on line:  10
42: LOAD_GLOBAL 24 on line:  12
43: LOAD_CONSTANT 5 on line:  12
44: TABLE_GET 1 on line:  12
45: LOAD_NIL on line:  12
46: EQUALS on line:  12
47: JUMP_IF_NOT_TRUE 8 on line:  12
48: OPEN_ENV on line:  12
49: LOAD_CONSTANT 6 on line:  13
50: LOAD_GLOBAL 3 on line:  13
51: CALL on line:  13
52: POP on line:  13
53: CLOSE_ENV on line:  12
54: JUMP 1 on line:  12
55: LOAD_CONSTANT 7 on line:  16
56: LOAD_GLOBAL 3 on line:  16
57: CALL on line:  16
58: POP on line:  16
59: LOAD_GLOBAL 27 on line:  17
60: LOAD_CONSTANT 8 on line:  17
61: TABLE_GET 1 on line:  17
62: CALL on line:  17
63: DECLARE_GLOBAL on line:  17
64: LOAD_CONSTANT 9 on line:  20
65: LOAD_GLOBAL 1 on line:  20
66: CALL on line:  20
67: DECLARE_GLOBAL on line:  20
68: LOAD_CONSTANT 10 on line:  21
69: LOAD_GLOBAL 1 on line:  21
70: CALL on line:  21
71: DECLARE_GLOBAL on line:  21
72: LOAD_GLOBAL 34 on line:  23
73: LOAD_CONSTANT 11 on line:  23
74: TABLE_GET 1 on line:  23
75: DECLARE_GLOBAL on line:  23
76: LOAD_GLOBAL 34 on line:  24
77: LOAD_CONSTANT 12 on line:  24
78: TABLE_GET 1 on line:  24
79: DECLARE_GLOBAL on line:  24
80: LOAD_GLOBAL 34 on line:  25
81: LOAD_CONSTANT 13 on line:  25
82: TABLE_GET 1 on line:  25
83: DECLARE_GLOBAL on line:  25
84: LOAD_GLOBAL 34 on line:  26
85: LOAD_CONSTANT 14 on line:  26
86: TABLE_GET 1 on line:  26
87: DECLARE_GLOBAL on line:  26
88: LOAD_CONSTANT 15 on line:  28
89: DECLARE_GLOBAL on line:  28
90: LOAD_CONSTANT 16 on line:  29
91: LOAD_GLOBAL 1 on line:  29
92: CALL on line:  29
93: ASSIGN_GLOBAL 39 1 on line:  29
94: POP on line:  29
95: LOAD_CONSTANT 17 on line:  30
96: LOAD_GLOBAL 1 on line:  30
97: CALL on line:  30
98: ASSIGN_GLOBAL 39 1 on line:  30
99: POP on line:  30
100: LOAD_CONSTANT 18 on line:  31
101: LOAD_GLOBAL 1 on line:  31
102: CALL on line:  31
103: ASSIGN_GLOBAL 39 1 on line:  31
104: POP on line:  31
105: LOAD_CONSTANT 19 on line:  32
106: LOAD_GLOBAL 1 on line:  32
107: CALL on line:  32
108: ASSIGN_GLOBAL 39 1 on line:  32
109: POP on line:  32
110: LOAD_CONSTANT 20 on line:  33
111: LOAD_GLOBAL 1 on line:  33
112: CALL on line:  33
113: ASSIGN_GLOBAL 39 1 on line:  33
114: POP on line:  33
115: LOAD_CONSTANT 21 on line:  34
116: LOAD_GLOBAL 1 on line:  34
117: CALL on line:  34
118: ASSIGN_GLOBAL 39 1 on line:  34
119: POP on line:  34
120: LOAD_CONSTANT 22 on line:  35
121: LOAD_GLOBAL 1 on line:  35
122: CALL on line:  35
123: ASSIGN_GLOBAL 39 1 on line:  35
124: POP on line:  35
125: LOAD_CONSTANT 23 on line:  36
126: LOAD_GLOBAL 1 on line:  36
127: CALL on line:  36
128: ASSIGN_GLOBAL 39 1 on line:  36
129: POP on line:  36
130: LOAD_CONSTANT 24 on line:  37
131: LOAD_GLOBAL 1 on line:  37
132: CALL on line:  37
133: ASSIGN_GLOBAL 39 1 on line:  37
134: POP on line:  37
135: LOAD_CONSTANT 25 on line:  38
136: LOAD_GLOBAL 1 on line:  38
137: CALL on line:  38
138: ASSIGN_GLOBAL 39 1 on line:  38
139: POP on line:  38
140: LOAD_CONSTANT 26 on line:  39
141: LOAD_GLOBAL 1 on line:  39
142: CALL on line:  39
143: ASSIGN_GLOBAL 39 1 on line:  39
144: POP on line:  39
145: LOAD_CONSTANT 27 on line:  40
146: LOAD_GLOBAL 1 on line:  40
147: CALL on line:  40
148: ASSIGN_GLOBAL 39 1 on line:  40
149: POP on line:  40
150: LOAD_CONSTANT 28 on line:  41
151: LOAD_GLOBAL 1 on line:  41
152: CALL on line:  41
153: ASSIGN_GLOBAL 39 1 on line:  41
154: POP on line:  41
155: LOAD_CONSTANT 29 on line:  42
156: LOAD_GLOBAL 1 on line:  42
157: CALL on line:  42
158: ASSIGN_GLOBAL 39 1 on line:  42
159: POP on line:  42
160: LOAD_CONSTANT 30 on line:  43
161: LOAD_GLOBAL 1 on line:  43
162: CALL on line:  43
163: ASSIGN_GLOBAL 39 1 on line:  43
164: POP on line:  43
165: LOAD_CONSTANT 31 on line:  44
166: LOAD_GLOBAL 1 on line:  44
167: CALL on line:  44
168: ASSIGN_GLOBAL 39 1 on line:  44
169: POP on line:  44
170: LOAD_CONSTANT 32 on line:  45
171: LOAD_GLOBAL 1 on line:  45
172: CALL on line:  45
173: ASSIGN_GLOBAL 39 1 on line:  45
174: POP on line:  45
175: LOAD_CONSTANT 33 on line:  46
176: LOAD_GLOBAL 1 on line:  46
177: CALL on line:  46
178: ASSIGN_GLOBAL 39 1 on line:  46
179: POP on line:  46
180: LOAD_CONSTANT 34 on line:  47
181: LOAD_GLOBAL 1 on line:  47
182: CALL on line:  47
183: ASSIGN_GLOBAL 39 1 on line:  47
184: POP on line:  47
185: LOAD_CONSTANT 35 on line:  48
186: LOAD_GLOBAL 1 on line:  48
187: CALL on line:  48
188: ASSIGN_GLOBAL 39 1 on line:  48
189: POP on line:  48
190: LOAD_CONSTANT 36 on line:  49
191: LOAD_GLOBAL 1 on line:  49
192: CALL on line:  49
193: ASSIGN_GLOBAL 39 1 on line:  49
194: POP on line:  49
195: LOAD_CONSTANT 37 on line:  50
196: LOAD_GLOBAL 1 on line:  50
197: CALL on line:  50
198: ASSIGN_GLOBAL 39 1 on line:  50
199: POP on line:  50
200: LOAD_CONSTANT 38 on line:  51
201: LOAD_GLOBAL 1 on line:  51
202: CALL on line:  51
203: ASSIGN_GLOBAL 39 1 on line:  51
204: POP on line:  51
205: LOAD_CONSTANT 39 on line:  52
206: LOAD_GLOBAL 1 on line:  52
207: CALL on line:  52
208: ASSIGN_GLOBAL 39 1 on line:  52
209: POP on line:  52
210: LOAD_CONSTANT 40 on line:  53
211: LOAD_GLOBAL 1 on line:  53
212: CALL on line:  53
213: ASSIGN_GLOBAL 39 1 on line:  53
214: POP on line:  53
215: LOAD_CONSTANT 41 on line:  54
216: LOAD_GLOBAL 1 on line:  54
217: CALL on line:  54
218: ASSIGN_GLOBAL 39 1 on line:  54
219: POP on line:  54
220: LOAD_CONSTANT 42 on line:  55
221: LOAD_GLOBAL 1 on line:  55
222: CALL on line:  55
223: ASSIGN_GLOBAL 39 1 on line:  55
224: POP on line:  55
225: LOAD_CONSTANT 43 on line:  56
226: LOAD_GLOBAL 1 on line:  56
227: CALL on line:  56
228: ASSIGN_GLOBAL 39 1 on line:  56
229: POP on line:  56
230: LOAD_CONSTANT 44 on line:  57
231: LOAD_GLOBAL 1 on line:  57
232: CALL on line:  57
233: ASSIGN_GLOBAL 39 1 on line:  57
234: POP on line:  57
235: LOAD_CONSTANT 45 on line:  58
236: LOAD_GLOBAL 1 on line:  58
237: CALL on line:  58
238: ASSIGN_GLOBAL 39 1 on line:  58
239: POP on line:  58
240: OPEN_ENV on line:  61
241: CLOSE_ENV on line:  61
242: OPEN_ENV on line:  68
243: LOAD_CONSTANT 46 on line:  69
244: DECLARE_FUNCTION 0 1 47 on line:  69
245: NEW_TABLE 0 1 on line:  69
246: DECLARE_VARIABLE on line:  69
247: LOAD_CONSTANT 46 on line:  71
248: LOAD_CONSTANT 46 on line:  71
249: ADD on line:  71
250: LOAD_VARIABLE 0 0 on line:  70
251: LOAD_CONSTANT 46 on line:  70
252: TABLE_GET 1 on line:  70
253: CALL on line:  70
254: POP on line:  70
255: CLOSE_ENV on line:  68
256: LOAD_GLOBAL 21 on line:  75
257: LOAD_CONSTANT 48 on line:  75
258: TABLE_GET 1 on line:  75
259: CALL on line:  75
260: POP on line:  75
261: LOAD_GLOBAL 39 on line:  77
262: LOAD_CONSTANT 15 on line:  77
263: EQUALS on line:  77
264: JUMP_IF_NOT_TRUE 8 on line:  77
265: OPEN_ENV on line:  77
266: LOAD_CONSTANT 49 on line:  78
267: LOAD_GLOBAL 3 on line:  78
268: CALL on line:  78
269: POP on line:  78
270: CLOSE_ENV on line:  77
271: JUMP 16 on line:  77
272: OPEN_ENV on line:  80
273: LOAD_GLOBAL 20 on line:  81
274: CALL on line:  81
275: LOAD_GLOBAL 4 on line:  81
276: CALL on line:  81
277: POP on line:  81
278: LOAD_CONSTANT 50 on line:  82
279: LOAD_GLOBAL 39 on line:  82
280: APPEND on line:  82
281: LOAD_CONSTANT 51 on line:  82
282: APPEND on line:  82
283: LOAD_GLOBAL 3 on line:  82
284: CALL on line:  82
285: POP on line:  82
286: CLOSE_ENV on line:  80
287: LOAD_CONSTANT 52 on line:  84
288: LOAD_GLOBAL 3 on line:  84
289: CALL on line:  84
290: POP on line:  84
291: LOAD_CONSTANT 53 on line:  85
292: LOAD_GLOBAL 32 on line:  85
293: DUP on line:  85
294: PUSH_STASH on line:  85
295: TABLE_GET 0 on line:  85
296: POP_STASH on line:  85
297: LOAD_CONSTANT 54 on line:  85
298: TABLE_GET 1 on line:  85
299: CALL on line:  85
300: APPEND on line:  85
301: LOAD_CONSTANT 55 on line:  85
302: APPEND on line:  85
303: LOAD_GLOBAL 3 on line:  85
304: CALL on line:  85
305: POP on line:  85
306: LOAD_CONSTANT 56 on line:  86
307: LOAD_GLOBAL 21 on line:  86
308: LOAD_CONSTANT 57 on line:  86
309: TABLE_GET 1 on line:  86
310: CALL on line:  86
311: APPEND on line:  86
312: LOAD_GLOBAL 3 on line:  86
313: CALL on line:  86
314: POP on line:  86
315: EXIT on line:  86

