IDENTIFIER string: write_line line: 1
LEFT_PAREN line: 1
STRING string: *** Welcome to lightning test suite Zzz :) *** line: 1
RIGHT_PAREN line: 1
VAR line: 3
IDENTIFIER string: os_string line: 3
EQUAL line: 3
IDENTIFIER string: get_os line: 3
LEFT_PAREN line: 3
RIGHT_PAREN line: 3
VAR line: 4
IDENTIFIER string: os line: 4
EQUAL line: 4
STRING string: Unknown line: 4
IF line: 5
LEFT_PAREN line: 5
IDENTIFIER string: os_string line: 5
COLON line: 5
IDENTIFIER string: contains line: 5
LEFT_PAREN line: 5
STRING string: Windows line: 5
RIGHT_PAREN line: 5
RIGHT_PAREN line: 5
IDENTIFIER string: os line: 6
EQUAL line: 6
STRING string: Windows line: 6
ELSE line: 7
IF line: 7
LEFT_PAREN line: 7
IDENTIFIER string: os_string line: 7
COLON line: 7
IDENTIFIER string: contains line: 7
LEFT_PAREN line: 7
STRING string: Unix line: 7
RIGHT_PAREN line: 7
RIGHT_PAREN line: 7
IDENTIFIER string: os line: 8
EQUAL line: 8
STRING string: Unix line: 8
IDENTIFIER string: write_line line: 10
LEFT_PAREN line: 10
IDENTIFIER string: get_os line: 10
LEFT_PAREN line: 10
RIGHT_PAREN line: 10
RIGHT_PAREN line: 10
IF line: 12
LEFT_PAREN line: 12
IDENTIFIER string: intrinsic line: 12
DOT line: 12
IDENTIFIER string: create line: 12
EQUAL_EQUAL line: 12
NIL line: 12
RIGHT_PAREN line: 12
LEFT_BRACE line: 12
IDENTIFIER string: write_line line: 13
LEFT_PAREN line: 13
STRING string: No inline intrinsic support! line: 13
RIGHT_PAREN line: 13
RIGHT_BRACE line: 14
IDENTIFIER string: write_line line: 16
LEFT_PAREN line: 16
STRING string: -- Starting tests -- line: 16
RIGHT_PAREN line: 16
VAR line: 17
IDENTIFIER string: start_time line: 17
EQUAL line: 17
IDENTIFIER string: time line: 17
DOT line: 17
IDENTIFIER string: now line: 17
LEFT_PAREN line: 17
RIGHT_PAREN line: 17
VAR line: 20
IDENTIFIER string: _assert line: 20
EQUAL line: 20
IDENTIFIER string: require line: 20
LEFT_PAREN line: 20
STRING string: assert.ltn line: 20
RIGHT_PAREN line: 20
VAR line: 21
IDENTIFIER string: assert_counter line: 21
EQUAL line: 21
IDENTIFIER string: require line: 21
LEFT_PAREN line: 21
STRING string: assert_counter.ltn line: 21
RIGHT_PAREN line: 21
VAR line: 23
IDENTIFIER string: assert line: 23
EQUAL line: 23
IDENTIFIER string: assert_counter line: 23
DOT line: 23
IDENTIFIER string: assert line: 23
VAR line: 24
IDENTIFIER string: assert_not line: 24
EQUAL line: 24
IDENTIFIER string: assert_counter line: 24
DOT line: 24
IDENTIFIER string: assert_not line: 24
VAR line: 25
IDENTIFIER string: count_errors line: 25
EQUAL line: 25
IDENTIFIER string: assert_counter line: 25
DOT line: 25
IDENTIFIER string: get_error_counter line: 25
VAR line: 26
IDENTIFIER string: clear_errors line: 26
EQUAL line: 26
IDENTIFIER string: assert_counter line: 26
DOT line: 26
IDENTIFIER string: reset_error_counter line: 26
VAR line: 28
IDENTIFIER string: errors line: 28
EQUAL line: 28
NUMBER Integer: 0 line: 28
IDENTIFIER string: errors line: 29
PLUS_EQUAL line: 29
IDENTIFIER string: require line: 29
LEFT_PAREN line: 29
STRING string: tests/assert.ltn line: 29
RIGHT_PAREN line: 29
IDENTIFIER string: errors line: 30
PLUS_EQUAL line: 30
IDENTIFIER string: require line: 30
LEFT_PAREN line: 30
STRING string: tests/numbers.ltn line: 30
RIGHT_PAREN line: 30
IDENTIFIER string: errors line: 31
PLUS_EQUAL line: 31
IDENTIFIER string: require line: 31
LEFT_PAREN line: 31
STRING string: tests/strings.ltn line: 31
RIGHT_PAREN line: 31
IDENTIFIER string: errors line: 32
PLUS_EQUAL line: 32
IDENTIFIER string: require line: 32
LEFT_PAREN line: 32
STRING string: tests/pmap.ltn line: 32
RIGHT_PAREN line: 32
IDENTIFIER string: errors line: 33
PLUS_EQUAL line: 33
IDENTIFIER string: require line: 33
LEFT_PAREN line: 33
STRING string: tests/rmap.ltn line: 33
RIGHT_PAREN line: 33
IDENTIFIER string: errors line: 34
PLUS_EQUAL line: 34
IDENTIFIER string: require line: 34
LEFT_PAREN line: 34
STRING string: tests/map.ltn line: 34
RIGHT_PAREN line: 34
IDENTIFIER string: errors line: 35
PLUS_EQUAL line: 35
IDENTIFIER string: require line: 35
LEFT_PAREN line: 35
STRING string: tests/reduce.ltn line: 35
RIGHT_PAREN line: 35
IDENTIFIER string: errors line: 36
PLUS_EQUAL line: 36
IDENTIFIER string: require line: 36
LEFT_PAREN line: 36
STRING string: tests/table.ltn line: 36
RIGHT_PAREN line: 36
IDENTIFIER string: errors line: 37
PLUS_EQUAL line: 37
IDENTIFIER string: require line: 37
LEFT_PAREN line: 37
STRING string: tests/scoping.ltn line: 37
RIGHT_PAREN line: 37
IDENTIFIER string: errors line: 38
PLUS_EQUAL line: 38
IDENTIFIER string: require line: 38
LEFT_PAREN line: 38
STRING string: tests/up_value.ltn line: 38
RIGHT_PAREN line: 38
IDENTIFIER string: errors line: 39
PLUS_EQUAL line: 39
IDENTIFIER string: require line: 39
LEFT_PAREN line: 39
STRING string: tests/closures.ltn line: 39
RIGHT_PAREN line: 39
IDENTIFIER string: errors line: 40
PLUS_EQUAL line: 40
IDENTIFIER string: require line: 40
LEFT_PAREN line: 40
STRING string: tests/lambdas.ltn line: 40
RIGHT_PAREN line: 40
IDENTIFIER string: errors line: 41
PLUS_EQUAL line: 41
IDENTIFIER string: require line: 41
LEFT_PAREN line: 41
STRING string: tests/boolean.ltn line: 41
RIGHT_PAREN line: 41
IDENTIFIER string: errors line: 42
PLUS_EQUAL line: 42
IDENTIFIER string: require line: 42
LEFT_PAREN line: 42
STRING string: tests/iterators.ltn line: 42
RIGHT_PAREN line: 42
IDENTIFIER string: errors line: 43
PLUS_EQUAL line: 43
IDENTIFIER string: require line: 43
LEFT_PAREN line: 43
STRING string: tests/methods.ltn line: 43
RIGHT_PAREN line: 43
IDENTIFIER string: errors line: 44
PLUS_EQUAL line: 44
IDENTIFIER string: require line: 44
LEFT_PAREN line: 44
STRING string: tests/compound_calls.ltn line: 44
RIGHT_PAREN line: 44
IDENTIFIER string: errors line: 45
PLUS_EQUAL line: 45
IDENTIFIER string: require line: 45
LEFT_PAREN line: 45
STRING string: tests/transient.ltn line: 45
RIGHT_PAREN line: 45
IDENTIFIER string: errors line: 46
PLUS_EQUAL line: 46
IDENTIFIER string: require line: 46
LEFT_PAREN line: 46
STRING string: tests/math.ltn line: 46
RIGHT_PAREN line: 46
IDENTIFIER string: errors line: 47
PLUS_EQUAL line: 47
IDENTIFIER string: require line: 47
LEFT_PAREN line: 47
STRING string: tests/eval.ltn line: 47
RIGHT_PAREN line: 47
IDENTIFIER string: errors line: 48
PLUS_EQUAL line: 48
IDENTIFIER string: require line: 48
LEFT_PAREN line: 48
STRING string: tests/maybe.ltn line: 48
RIGHT_PAREN line: 48
IDENTIFIER string: errors line: 49
PLUS_EQUAL line: 49
IDENTIFIER string: require line: 49
LEFT_PAREN line: 49
STRING string: tests/assign_op.ltn line: 49
RIGHT_PAREN line: 49
IDENTIFIER string: errors line: 50
PLUS_EQUAL line: 50
IDENTIFIER string: require line: 50
LEFT_PAREN line: 50
STRING string: tests/lock.ltn line: 50
RIGHT_PAREN line: 50
IDENTIFIER string: errors line: 51
PLUS_EQUAL line: 51
IDENTIFIER string: require line: 51
LEFT_PAREN line: 51
STRING string: tests/vm_management.ltn line: 51
RIGHT_PAREN line: 51
IDENTIFIER string: errors line: 52
PLUS_EQUAL line: 52
IDENTIFIER string: require line: 52
LEFT_PAREN line: 52
STRING string: tests/inline_intrinsics.ltn line: 52
RIGHT_PAREN line: 52
IDENTIFIER string: errors line: 53
PLUS_EQUAL line: 53
IDENTIFIER string: require line: 53
LEFT_PAREN line: 53
STRING string: tests/nuples.ltn line: 53
RIGHT_PAREN line: 53
IDENTIFIER string: errors line: 54
PLUS_EQUAL line: 54
IDENTIFIER string: require line: 54
LEFT_PAREN line: 54
STRING string: tests/super_table.ltn line: 54
RIGHT_PAREN line: 54
IDENTIFIER string: errors line: 55
PLUS_EQUAL line: 55
IDENTIFIER string: require line: 55
LEFT_PAREN line: 55
STRING string: tests/char.ltn line: 55
RIGHT_PAREN line: 55
IDENTIFIER string: errors line: 56
PLUS_EQUAL line: 56
IDENTIFIER string: require line: 56
LEFT_PAREN line: 56
STRING string: tests/integers.ltn line: 56
RIGHT_PAREN line: 56
IDENTIFIER string: errors line: 57
PLUS_EQUAL line: 57
IDENTIFIER string: require line: 57
LEFT_PAREN line: 57
STRING string: tests/anonymous_call.ltn line: 57
RIGHT_PAREN line: 57
IDENTIFIER string: errors line: 58
PLUS_EQUAL line: 58
IDENTIFIER string: require line: 58
LEFT_PAREN line: 58
STRING string: tests/try.ltn line: 58
RIGHT_PAREN line: 58
LEFT_BRACE line: 61
VAR line: 62
IDENTIFIER string: a_table line: 62
EQUAL line: 62
LEFT_BRACKET line: 62
IDENTIFIER string: value line: 63
COLON line: 63
NUMBER Integer: 100 line: 63
COMMA line: 63
IDENTIFIER string: a_function line: 64
COLON line: 64
FUN line: 64
LEFT_BRACE line: 64
RETURN line: 64
NUMBER Integer: 99 line: 64
RIGHT_BRACE line: 64
RIGHT_BRACKET line: 65
IDENTIFIER string: assert line: 66
LEFT_PAREN line: 66
IDENTIFIER string: a_table line: 66
DOT line: 66
IDENTIFIER string: a_function line: 66
LEFT_PAREN line: 66
RIGHT_PAREN line: 66
COMMA line: 66
NUMBER Integer: 99 line: 66
COMMA line: 66
STRING string: Failed Table Map Access By Literal String 2. line: 66
RIGHT_PAREN line: 66
VAR line: 67
IDENTIFIER string: name line: 67
EQUAL line: 67
STRING string: a_function line: 67
IDENTIFIER string: assert line: 68
LEFT_PAREN line: 68
IDENTIFIER string: a_table line: 68
LEFT_BRACKET line: 68
IDENTIFIER string: name line: 68
RIGHT_BRACKET line: 68
LEFT_PAREN line: 68
RIGHT_PAREN line: 68
COMMA line: 68
NUMBER Integer: 99 line: 68
COMMA line: 68
STRING string: Failed Table Map Access By Literal String 3. line: 68
RIGHT_PAREN line: 68
IDENTIFIER string: assert line: 69
LEFT_PAREN line: 69
IDENTIFIER string: a_table line: 69
LEFT_BRACKET line: 69
STRING string: a_function line: 69
RIGHT_BRACKET line: 69
LEFT_PAREN line: 69
RIGHT_PAREN line: 69
COMMA line: 69
NUMBER Integer: 99 line: 69
COMMA line: 69
STRING string: Failed Table Map Access By Literal String 4. line: 69
RIGHT_PAREN line: 69
IDENTIFIER string: assert line: 70
LEFT_PAREN line: 70
IDENTIFIER string: a_table line: 70
LEFT_BRACKET line: 70
STRING string: a line: 70
APPEND line: 70
STRING string: _function line: 70
RIGHT_BRACKET line: 70
LEFT_PAREN line: 70
RIGHT_PAREN line: 70
COMMA line: 70
NUMBER Integer: 99 line: 70
COMMA line: 70
STRING string: Failed Table Map Access By Literal String 4. line: 70
RIGHT_PAREN line: 70
RIGHT_BRACE line: 71
LEFT_BRACE line: 72
FUN line: 75
IDENTIFIER string: make_player line: 75
LEFT_PAREN line: 75
RIGHT_PAREN line: 75
LEFT_BRACE line: 76
VAR line: 77
IDENTIFIER string: player line: 77
EQUAL line: 77
LEFT_BRACKET line: 77
RIGHT_BRACKET line: 77
IDENTIFIER string: player line: 78
DOT line: 78
IDENTIFIER string: position line: 78
EQUAL line: 78
LEFT_BRACKET line: 78
RIGHT_BRACKET line: 78
SEMICOLON line: 78
IDENTIFIER string: player line: 79
DOT line: 79
IDENTIFIER string: position line: 79
LEFT_BRACKET line: 79
STRING string: x line: 79
RIGHT_BRACKET line: 79
EQUAL line: 79
NUMBER Integer: 0 line: 79
IDENTIFIER string: player line: 80
DOT line: 80
IDENTIFIER string: position line: 80
LEFT_BRACKET line: 80
STRING string: y line: 80
RIGHT_BRACKET line: 80
EQUAL line: 80
NUMBER Integer: 0 line: 80
IDENTIFIER string: player line: 82
DOT line: 82
IDENTIFIER string: move line: 82
EQUAL line: 82
FUN line: 82
LEFT_PAREN line: 82
IDENTIFIER string: self line: 82
COMMA line: 82
IDENTIFIER string: x line: 82
COMMA line: 82
IDENTIFIER string: y line: 82
RIGHT_PAREN line: 82
LEFT_BRACE line: 83
IDENTIFIER string: self line: 84
DOT line: 84
IDENTIFIER string: position line: 84
DOT line: 84
IDENTIFIER string: x line: 84
EQUAL line: 84
IDENTIFIER string: self line: 84
DOT line: 84
IDENTIFIER string: position line: 84
DOT line: 84
IDENTIFIER string: x line: 84
PLUS line: 84
IDENTIFIER string: x line: 84
SEMICOLON line: 84
IDENTIFIER string: self line: 85
DOT line: 85
IDENTIFIER string: position line: 85
DOT line: 85
IDENTIFIER string: y line: 85
EQUAL line: 85
IDENTIFIER string: self line: 85
DOT line: 85
IDENTIFIER string: position line: 85
DOT line: 85
IDENTIFIER string: y line: 85
PLUS line: 85
IDENTIFIER string: y line: 85
SEMICOLON line: 85
RETURN line: 86
IDENTIFIER string: self line: 86
DOT line: 86
IDENTIFIER string: position line: 86
RIGHT_BRACE line: 87
IDENTIFIER string: player line: 88
LEFT_BRACKET line: 88
NUMBER Integer: 2 line: 88
RIGHT_BRACKET line: 88
EQUAL line: 88
IDENTIFIER string: player line: 88
DOT line: 88
IDENTIFIER string: move line: 88
RETURN line: 90
IDENTIFIER string: player line: 90
RIGHT_BRACE line: 91
VAR line: 93
IDENTIFIER string: p1 line: 93
EQUAL line: 93
IDENTIFIER string: make_player line: 93
LEFT_PAREN line: 93
RIGHT_PAREN line: 93
SEMICOLON line: 93
IDENTIFIER string: assert line: 94
LEFT_PAREN line: 94
IDENTIFIER string: p1 line: 94
COLON line: 94
IDENTIFIER string: move line: 94
LEFT_PAREN line: 94
NUMBER Integer: 1 line: 94
COMMA line: 94
NUMBER Integer: 0 line: 94
RIGHT_PAREN line: 94
DOT line: 94
IDENTIFIER string: x line: 94
COMMA line: 94
NUMBER Integer: 1 line: 94
COMMA line: 94
STRING string: Failed method call test 1. line: 94
RIGHT_PAREN line: 94
IDENTIFIER string: assert line: 95
LEFT_PAREN line: 95
IDENTIFIER string: p1 line: 95
COLON line: 95
IDENTIFIER string: move line: 95
LEFT_PAREN line: 95
NUMBER Integer: 0 line: 95
COMMA line: 95
NUMBER Integer: 3 line: 95
RIGHT_PAREN line: 95
DOT line: 95
IDENTIFIER string: y line: 95
COMMA line: 95
NUMBER Integer: 3 line: 95
COMMA line: 95
STRING string: Failed method call test 2. line: 95
RIGHT_PAREN line: 95
VAR line: 96
IDENTIFIER string: name line: 96
EQUAL line: 96
STRING string: move line: 96
IDENTIFIER string: assert line: 97
LEFT_PAREN line: 97
IDENTIFIER string: p1 line: 97
LEFT_BRACKET line: 97
IDENTIFIER string: name line: 97
RIGHT_BRACKET line: 97
LEFT_PAREN line: 97
IDENTIFIER string: p1 line: 97
COMMA line: 97
NUMBER Integer: 0 line: 97
COMMA line: 97
NUMBER Integer: 3 line: 97
RIGHT_PAREN line: 97
DOT line: 97
IDENTIFIER string: y line: 97
COMMA line: 97
NUMBER Integer: 6 line: 97
COMMA line: 97
STRING string: Failed method call test 3. line: 97
RIGHT_PAREN line: 97
IDENTIFIER string: assert line: 98
LEFT_PAREN line: 98
IDENTIFIER string: p1 line: 98
COLON line: 98
LEFT_BRACKET line: 98
IDENTIFIER string: name line: 98
RIGHT_BRACKET line: 98
LEFT_PAREN line: 98
NUMBER Integer: 0 line: 98
COMMA line: 98
NUMBER Integer: 0 line: 98
RIGHT_PAREN line: 98
DOT line: 98
IDENTIFIER string: y line: 98
COMMA line: 98
NUMBER Integer: 6 line: 98
COMMA line: 98
STRING string: Failed method call test 4. line: 98
RIGHT_PAREN line: 98
IDENTIFIER string: assert line: 99
LEFT_PAREN line: 99
IDENTIFIER string: p1 line: 99
COLON line: 99
STRING string: move line: 99
LEFT_PAREN line: 99
NUMBER Integer: 0 line: 99
COMMA line: 99
NUMBER Integer: 0 line: 99
RIGHT_PAREN line: 99
DOT line: 99
IDENTIFIER string: y line: 99
COMMA line: 99
NUMBER Integer: 6 line: 99
COMMA line: 99
STRING string: Failed method call test 5. line: 99
RIGHT_PAREN line: 99
IDENTIFIER string: assert line: 100
LEFT_PAREN line: 100
IDENTIFIER string: p1 line: 100
LEFT_BRACKET line: 100
STRING string: move line: 100
RIGHT_BRACKET line: 100
LEFT_PAREN line: 100
IDENTIFIER string: p1 line: 100
COMMA line: 100
NUMBER Integer: 0 line: 100
COMMA line: 100
NUMBER Integer: 0 line: 100
RIGHT_PAREN line: 100
DOT line: 100
IDENTIFIER string: y line: 100
COMMA line: 100
NUMBER Integer: 6 line: 100
COMMA line: 100
STRING string: Failed method call test 6. line: 100
RIGHT_PAREN line: 100
IDENTIFIER string: assert line: 101
LEFT_PAREN line: 101
IDENTIFIER string: p1 line: 101
COLON line: 101
LEFT_BRACKET line: 101
STRING string: move line: 101
RIGHT_BRACKET line: 101
LEFT_PAREN line: 101
NUMBER Integer: 0 line: 101
COMMA line: 101
NUMBER Integer: 0 line: 101
RIGHT_PAREN line: 101
DOT line: 101
IDENTIFIER string: y line: 101
COMMA line: 101
NUMBER Integer: 6 line: 101
COMMA line: 101
STRING string: Failed method call test 7. line: 101
RIGHT_PAREN line: 101
IDENTIFIER string: assert line: 102
LEFT_PAREN line: 102
IDENTIFIER string: p1 line: 102
COLON line: 102
LEFT_BRACKET line: 102
NUMBER Integer: 1 line: 102
PLUS line: 102
NUMBER Integer: 1 line: 102
RIGHT_BRACKET line: 102
LEFT_PAREN line: 102
NUMBER Integer: 0 line: 102
COMMA line: 102
NUMBER Integer: 0 line: 102
RIGHT_PAREN line: 102
DOT line: 102
IDENTIFIER string: y line: 102
COMMA line: 102
NUMBER Integer: 6 line: 102
COMMA line: 102
STRING string: Failed method call test 7. line: 102
RIGHT_PAREN line: 102
IDENTIFIER string: assert line: 103
LEFT_PAREN line: 103
IDENTIFIER string: p1 line: 103
COLON line: 103
LEFT_BRACKET line: 103
STRING string: mo line: 103
APPEND line: 103
STRING string: ve line: 103
RIGHT_BRACKET line: 103
LEFT_PAREN line: 103
NUMBER Integer: 0 line: 103
COMMA line: 103
NUMBER Integer: 0 line: 103
RIGHT_PAREN line: 103
DOT line: 103
IDENTIFIER string: y line: 103
COMMA line: 103
NUMBER Integer: 6 line: 103
COMMA line: 103
STRING string: Failed method call test 7. line: 103
RIGHT_PAREN line: 103
RIGHT_BRACE line: 105
IDENTIFIER string: machine line: 107
DOT line: 107
IDENTIFIER string: trim line: 107
LEFT_PAREN line: 107
RIGHT_PAREN line: 107
IF line: 109
LEFT_PAREN line: 109
IDENTIFIER string: errors line: 109
EQUAL_EQUAL line: 109
NUMBER Integer: 0 line: 109
RIGHT_PAREN line: 109
LEFT_BRACE line: 109
IDENTIFIER string: write_line line: 110
LEFT_PAREN line: 110
STRING string: No errors found! :) line: 110
RIGHT_PAREN line: 110
RIGHT_BRACE line: 111
ELSE line: 112
LEFT_BRACE line: 112
IDENTIFIER string: write line: 113
LEFT_PAREN line: 113
IDENTIFIER string: new_line line: 113
LEFT_PAREN line: 113
RIGHT_PAREN line: 113
RIGHT_PAREN line: 113
IDENTIFIER string: write_line line: 114
LEFT_PAREN line: 114
STRING string: :(  line: 114
APPEND line: 114
IDENTIFIER string: errors line: 114
APPEND line: 114
STRING string:  errors found! line: 114
RIGHT_PAREN line: 114
RIGHT_BRACE line: 115
IDENTIFIER string: write_line line: 116
LEFT_PAREN line: 116
STRING string: -- Finished tests! -- line: 116
RIGHT_PAREN line: 116
IDENTIFIER string: write_line line: 117
LEFT_PAREN line: 117
STRING string: Elapsed time:  line: 117
APPEND line: 117
IDENTIFIER string: start_time line: 117
COLON line: 117
IDENTIFIER string: elapsed line: 117
LEFT_PAREN line: 117
RIGHT_PAREN line: 117
APPEND line: 117
STRING string:  ms line: 117
RIGHT_PAREN line: 117
IDENTIFIER string: write_line line: 118
LEFT_PAREN line: 118
STRING string: Loaded modules:  line: 118
APPEND line: 118
IDENTIFIER string: machine line: 118
DOT line: 118
IDENTIFIER string: modules line: 118
LEFT_PAREN line: 118
RIGHT_PAREN line: 118
RIGHT_PAREN line: 118
EOF line: 119
